<?xml version="1.0" encoding="UTF-8"?>
<!-- Generated by org.testng.reporters.JUnitXMLReporter -->
<testsuite ignored="0" hostname="LTIN580095" failures="0" tests="9" name="Test" time="12.588" errors="0" timestamp="2025-07-23T15:53:29 IST">
  <testcase classname="testsuites.sampleapi.SampleGetTC_01" name="validateApiResponseSampleGetTC_01" time="3.351"/>
  <testcase classname="testsuites.orchsampleapi.SampleOrchPostTC_01" name="validateApiResponseSampleOrchPostTC_01" time="2.266"/>
  <testcase classname="testsuites.basicauthorizeapi.SampleAuthorizeDigestGetTC_02" name="validateApiResponseSampleAuthorizeDigestGetTC_02" time="1.741"/>
  <testcase classname="testsuites.orchsampleapi.SampleOrchGetTC_02" name="validateApiResponseSampleOrchGetTC_02" time="1.213"/>
  <testcase classname="testsuites.basicauthorizeapi.SampleAuthorizeBasicGetTC_01" name="validateApiResponseSampleAuthorizeBasicGetTC_01" time="1.421"/>
  <testcase classname="testsuites.sampleapi.SamplePostTC_02" name="validateApiResponseSamplePostTC_02" time="0.86"/>
  <testcase classname="testsuites.sampleapi.SamplePutTC_3R" name="validateApiResponseSamplePutTC_3R" time="0.75"/>
  <testcase classname="testsuites.sampleapi.SamplePatchTC_4R" name="validateApiResponseSamplePatchTC_4R" time="0.519"/>
  <testcase classname="testsuites.sampleapi.SampleDeleteTC_5R" name="validateApiResponseDeleteTC_5R" time="0.397"/>
</testsuite> <!-- Test -->
