<?xml version="1.0" encoding="UTF-8"?>
<!-- Generated by org.testng.reporters.JUnitReportReporter -->
<testsuite hostname="LTIN580095" failures="0" tests="1" name="testsuites.basicauthorizeapi.SampleAuthorizeDigestGetTC_02" time="1.741" errors="0" timestamp="2025-07-23T15:53:31 IST" skipped="0">
  <testcase classname="testsuites.basicauthorizeapi.SampleAuthorizeDigestGetTC_02" name="validateApiResponseSampleAuthorizeDigestGetTC_02" time="1.741"/>
</testsuite> <!-- testsuites.basicauthorizeapi.SampleAuthorizeDigestGetTC_02 -->
