<?xml version="1.0" encoding="UTF-8"?>
<!-- Generated by org.testng.reporters.JUnitReportReporter -->
<testsuite hostname="LTIN322236" failures="0" tests="1" name="testsuites.basicauthorizeapi.SampleAuthorizeGetTC_01" time="5.128" errors="0" timestamp="2021-09-08T09:46:38 IST" skipped="0">
  <testcase classname="testsuites.basicauthorizeapi.SampleAuthorizeGetTC_01" name="validateApiResponseSampleAuthorizeGetTC_01" time="5.128"/>
  <system-out/>
</testsuite> <!-- testsuites.basicauthorizeapi.SampleAuthorizeGetTC_01 -->
