<?xml version="1.0" encoding="UTF-8"?>
<!-- Generated by org.testng.reporters.JUnitXMLReporter -->
<testsuite ignored="0" hostname="LTIN322236" failures="1" tests="7" name="Functional Testing" time="16.922" errors="0" timestamp="2022-01-07T15:21:04 IST">
  <testcase classname="testsuites.sampleapi.SampleGetTC_01" name="validateApiResponseSampleGetTC_01" time="3.852"/>
  <testcase classname="testsuites.sampleapi.SamplePostTC_02" name="validateApiResponseSamplePostTC_02" time="1.235"/>
  <testcase classname="testsuites.orchsampleapi.SampleOrchPostTC_01" name="validateApiResponseSampleOrchPostTC_01" time="3.958"/>
  <testcase classname="testsuites.orchsampleapi.SampleOrchGetTC_02" name="validateApiResponseSampleOrchGetTC_02" time="1.483"/>
  <testcase classname="testsuites.orchsampleapi.SampleOrchGetTC_03" name="validateApiResponseSampleOrchGetTC_03" time="1.639">
    <failure type="java.lang.AssertionError" message="null">
      <![CDATA[java.lang.AssertionError: null
at testsuites.orchsampleapi.SampleOrchGetTC_03.validateApiResponseSampleOrchGetTC_03(SampleOrchGetTC_03.java:20)
at java.base/java.util.ArrayList.forEach(ArrayList.java:1511)
... Removed 29 stack frames]]>
    </failure>
  </testcase> <!-- validateApiResponseSampleOrchGetTC_03 -->
  <testcase classname="testsuites.basicauthorizeapi.SampleAuthorizeBasicGetTC_01" name="validateApiResponseSampleAuthorizeBasicGetTC_01" time="2.833"/>
  <testcase classname="testsuites.basicauthorizeapi.SampleAuthorizeDigestGetTC_02" name="validateApiResponseSampleAuthorizeDigestGetTC_02" time="1.857"/>
</testsuite> <!-- Functional Testing -->
